<?xml version="1.0" encoding="UTF-8"?>
<!-- Generated by org.testng.reporters.JUnitReportReporter -->
<testsuite hostname="DESKTOP-LIRA3TL" failures="0" tests="6" name="javapackage.TestNG2" time="0.430" errors="0" timestamp="2024-05-03T23:32:44 IST" skipped="0">
  <testcase classname="javapackage.TestNG2" name="c" time="0.274"/>
  <system-out/>
  <testcase classname="javapackage.TestNG2" name="x" time="0.091"/>
  <system-out/>
  <testcase classname="javapackage.TestNG2" name="u" time="0.031"/>
  <system-out/>
  <testcase classname="javapackage.TestNG2" name="a" time="0.006"/>
  <system-out/>
  <testcase classname="javapackage.TestNG2" name="z" time="0.020"/>
  <system-out/>
  <testcase classname="javapackage.TestNG2" name="b" time="0.008"/>
  <system-out/>
</testsuite> <!-- javapackage.TestNG2 -->
