<?xml version="1.0" encoding="UTF-8"?>
<!-- Generated by org.testng.reporters.JUnitReportReporter -->
<testsuite hostname="DESKTOP-LIRA3TL" failures="0" tests="2" name="javapackage.TestNG1" time="0.205" errors="0" timestamp="2024-05-03T23:32:44 IST" skipped="0">
  <testcase classname="javapackage.TestNG1" name="apple" time="0.195"/>
  <system-out/>
  <testcase classname="javapackage.TestNG1" name="bali" time="0.010"/>
  <system-out/>
</testsuite> <!-- javapackage.TestNG1 -->
