<?xml version="1.0" encoding="UTF-8"?>
<!-- Generated by org.testng.reporters.JUnitReportReporter -->
<testsuite hostname="DESKTOP-LIRA3TL" failures="0" tests="2" name="javapackage.TestNG6" time="0.208" errors="0" timestamp="2024-05-03T23:32:44 IST" skipped="0">
  <testcase classname="javapackage.TestNG6" name="create" time="0.075"/>
  <system-out/>
  <testcase classname="javapackage.TestNG6" name="enroll" time="0.133"/>
  <system-out/>
</testsuite> <!-- javapackage.TestNG6 -->
