<?xml version="1.0" encoding="UTF-8"?>
<!-- Generated by org.testng.reporters.JUnitReportReporter -->
<testsuite hostname="DESKTOP-LIRA3TL" failures="0" tests="4" name="javapackage.TestNG5" time="0.420" errors="0" timestamp="2024-05-03T23:32:44 IST" skipped="2">
  <testcase classname="javapackage.TestNG5" name="a" time="0.289"/>
  <system-out/>
  <testcase classname="javapackage.TestNG5" name="d" time="0.127">
    <skipped/>
  </testcase> <!-- d -->
  <system-out/>
  <testcase classname="javapackage.TestNG5" name="z" time="0.004"/>
  <system-out/>
  <testcase classname="javapackage.TestNG5" name="b">
    <skipped/>
  </testcase> <!-- b -->
  <system-out/>
</testsuite> <!-- javapackage.TestNG5 -->
