<?xml version="1.0" encoding="UTF-8"?>
<!-- Generated by org.testng.reporters.JUnitReportReporter -->
<testsuite hostname="DESKTOP-LIRA3TL" failures="0" tests="1" name="javapackage.TestNG3" time="0.010" errors="0" timestamp="2024-05-03T23:32:44 IST" skipped="0">
  <testcase classname="javapackage.TestNG3" name="d" time="0.010"/>
  <system-out/>
</testsuite> <!-- javapackage.TestNG3 -->
