<?xml version="1.0" encoding="UTF-8"?>
<!-- Generated by org.testng.reporters.JUnitReportReporter -->
<testsuite hostname="DESKTOP-LIRA3TL" failures="0" tests="2" name="javapackage.TestNG4" time="0.036" errors="0" timestamp="2024-05-03T23:32:44 IST" skipped="0">
  <testcase classname="javapackage.TestNG4" name="z" time="0.015"/>
  <system-out/>
  <testcase classname="javapackage.TestNG4" name="h" time="0.021"/>
  <system-out/>
</testsuite> <!-- javapackage.TestNG4 -->
