<?xml version="1.0" encoding="UTF-8"?>
<!-- Generated by org.testng.reporters.JUnitReportReporter -->
<testsuite hostname="DESKTOP-LIRA3TL" failures="0" tests="2" name="javapackage.testNG7" time="0.006" errors="0" timestamp="2024-05-03T23:32:44 IST" skipped="0">
  <testcase classname="javapackage.testNG7" name="login" time="0.003"/>
  <system-out/>
  <testcase classname="javapackage.testNG7" name="signup" time="0.003"/>
  <system-out/>
</testsuite> <!-- javapackage.testNG7 -->
